<?xml version="1.0" encoding="UTF-8"?>
<testsuite xmlns:xsi="http://www.w3.org/2001/XMLSchema-instance" xsi:noNamespaceSchemaLocation="https://maven.apache.org/surefire/maven-surefire-plugin/xsd/surefire-test-report-3.0.xsd" version="3.0" name="test.DassMainTest" time="0.02" tests="0" errors="0" skipped="0" failures="0">
  <properties>
    <property name="netbeans.deploy" value="true"/>
    <property name="java.specification.version" value="15"/>
    <property name="sun.cpu.isalist" value="amd64"/>
    <property name="sun.jnu.encoding" value="Cp1252"/>
    <property name="java.class.path" value="D:\Documentos\GitHub\CuidaTuMente\target\test-classes;D:\Documentos\GitHub\CuidaTuMente\target\classes;C:\Users\ramos\.m2\repository\com\github\bookong\cooly-plugin\0.2.1\cooly-plugin-0.2.1.jar;C:\Users\ramos\.m2\repository\org\apache\maven\maven-plugin-api\2.0\maven-plugin-api-2.0.jar;C:\Users\ramos\.m2\repository\org\codehaus\plexus\plexus-utils\3.0.1\plexus-utils-3.0.1.jar;C:\Users\ramos\.m2\repository\org\codehaus\plexus\plexus-container-default\1.5.4\plexus-container-default-1.5.4.jar;C:\Users\ramos\.m2\repository\org\codehaus\plexus\plexus-classworlds\2.2.2\plexus-classworlds-2.2.2.jar;C:\Users\ramos\.m2\repository\org\apache\xbean\xbean-reflect\3.4\xbean-reflect-3.4.jar;C:\Users\ramos\.m2\repository\log4j\log4j\1.2.12\log4j-1.2.12.jar;C:\Users\ramos\.m2\repository\commons-logging\commons-logging-api\1.1\commons-logging-api-1.1.jar;C:\Users\ramos\.m2\repository\com\google\collections\google-collections\1.0\google-collections-1.0.jar;C:\Users\ramos\.m2\repository\junit\junit\3.8.2\junit-3.8.2.jar;C:\Users\ramos\.m2\repository\org\apache\maven\maven-core\2.0\maven-core-2.0.jar;C:\Users\ramos\.m2\repository\org\apache\maven\maven-settings\2.0\maven-settings-2.0.jar;C:\Users\ramos\.m2\repository\org\apache\maven\wagon\wagon-file\1.0-alpha-5\wagon-file-1.0-alpha-5.jar;C:\Users\ramos\.m2\repository\org\apache\maven\maven-plugin-parameter-documenter\2.0\maven-plugin-parameter-documenter-2.0.jar;C:\Users\ramos\.m2\repository\org\apache\maven\wagon\wagon-http-lightweight\1.0-alpha-5\wagon-http-lightweight-1.0-alpha-5.jar;C:\Users\ramos\.m2\repository\org\apache\maven\reporting\maven-reporting-api\2.0\maven-reporting-api-2.0.jar;C:\Users\ramos\.m2\repository\doxia\doxia-sink-api\1.0-alpha-4\doxia-sink-api-1.0-alpha-4.jar;C:\Users\ramos\.m2\repository\org\apache\maven\maven-profile\2.0\maven-profile-2.0.jar;C:\Users\ramos\.m2\repository\org\apache\maven\maven-model\2.0\maven-model-2.0.jar;C:\Users\ramos\.m2\repository\org\apache\maven\maven-artifact\2.0\maven-artifact-2.0.jar;C:\Users\ramos\.m2\repository\org\apache\maven\wagon\wagon-provider-api\1.0-alpha-5\wagon-provider-api-1.0-alpha-5.jar;C:\Users\ramos\.m2\repository\org\apache\maven\maven-repository-metadata\2.0\maven-repository-metadata-2.0.jar;C:\Users\ramos\.m2\repository\org\apache\maven\maven-error-diagnostics\2.0\maven-error-diagnostics-2.0.jar;C:\Users\ramos\.m2\repository\org\apache\maven\maven-project\2.0\maven-project-2.0.jar;C:\Users\ramos\.m2\repository\org\apache\maven\maven-plugin-registry\2.0\maven-plugin-registry-2.0.jar;C:\Users\ramos\.m2\repository\commons-cli\commons-cli\1.0\commons-cli-1.0.jar;C:\Users\ramos\.m2\repository\org\apache\maven\maven-plugin-descriptor\2.0\maven-plugin-descriptor-2.0.jar;C:\Users\ramos\.m2\repository\org\codehaus\plexus\plexus-interactivity-api\1.0-alpha-4\plexus-interactivity-api-1.0-alpha-4.jar;C:\Users\ramos\.m2\repository\classworlds\classworlds\1.1-alpha-2\classworlds-1.1-alpha-2.jar;C:\Users\ramos\.m2\repository\org\apache\maven\maven-artifact-manager\2.0\maven-artifact-manager-2.0.jar;C:\Users\ramos\.m2\repository\org\apache\maven\maven-monitor\2.0\maven-monitor-2.0.jar;C:\Users\ramos\.m2\repository\org\apache\maven\wagon\wagon-ssh\1.0-alpha-5\wagon-ssh-1.0-alpha-5.jar;C:\Users\ramos\.m2\repository\com\jcraft\jsch\0.1.23\jsch-0.1.23.jar;C:\Users\ramos\.m2\repository\com\sun\xml\bind\jaxb-xjc\2.2.1.1\jaxb-xjc-2.2.1.1.jar;C:\Users\ramos\.m2\repository\com\sun\xml\bind\jaxb-impl\2.2.1\jaxb-impl-2.2.1.jar;C:\Users\ramos\.m2\repository\javax\xml\bind\jaxb-api\2.2.1\jaxb-api-2.2.1.jar;C:\Users\ramos\.m2\repository\javax\xml\stream\stax-api\1.0-2\stax-api-1.0-2.jar;C:\Users\ramos\.m2\repository\javax\javaee-api\8.0\javaee-api-8.0.jar;C:\Users\ramos\.m2\repository\mysql\mysql-connector-java\8.0.17\mysql-connector-java-8.0.17.jar;C:\Users\ramos\.m2\repository\com\google\protobuf\protobuf-java\3.6.1\protobuf-java-3.6.1.jar;C:\Users\ramos\.m2\repository\org\apache\commons\commons-dbcp2\2.7.0\commons-dbcp2-2.7.0.jar;C:\Users\ramos\.m2\repository\org\apache\commons\commons-pool2\2.7.0\commons-pool2-2.7.0.jar;C:\Users\ramos\.m2\repository\commons-logging\commons-logging\1.2\commons-logging-1.2.jar;C:\Users\ramos\.m2\repository\com\sun\mail\javax.mail\1.6.2\javax.mail-1.6.2.jar;C:\Users\ramos\.m2\repository\javax\activation\activation\1.1\activation-1.1.jar;C:\Users\ramos\.m2\repository\javax\mail\javax.mail-api\1.6.2\javax.mail-api-1.6.2.jar;C:\Users\ramos\.m2\repository\org\apache\commons\commons-email\1.5\commons-email-1.5.jar;"/>
    <property name="java.vm.vendor" value="Oracle Corporation"/>
    <property name="sun.arch.data.model" value="64"/>
    <property name="user.variant" value=""/>
    <property name="exec.appArgs" value=""/>
    <property name="java.vendor.url" value="https://java.oracle.com/"/>
    <property name="user.timezone" value="America/Mexico_City"/>
    <property name="os.name" value="Windows 10"/>
    <property name="java.vm.specification.version" value="15"/>
    <property name="user.country" value="MX"/>
    <property name="sun.java.launcher" value="SUN_STANDARD"/>
    <property name="sun.boot.library.path" value="C:\Program Files\Java\jdk-15.0.2\bin"/>
    <property name="sun.java.command" value="C:\Users\ramos\AppData\Local\Temp\surefire2156290216512909894\surefirebooter-20240725203817904_3.jar C:\Users\ramos\AppData\Local\Temp\surefire2156290216512909894 2024-07-25T20-38-17_738-jvmRun1 surefire-20240725203817904_1tmp surefire_0-20240725203817904_2tmp"/>
    <property name="jdk.debug" value="release"/>
    <property name="exec.vmArgs" value=""/>
    <property name="surefire.test.class.path" value="D:\Documentos\GitHub\CuidaTuMente\target\test-classes;D:\Documentos\GitHub\CuidaTuMente\target\classes;C:\Users\ramos\.m2\repository\com\github\bookong\cooly-plugin\0.2.1\cooly-plugin-0.2.1.jar;C:\Users\ramos\.m2\repository\org\apache\maven\maven-plugin-api\2.0\maven-plugin-api-2.0.jar;C:\Users\ramos\.m2\repository\org\codehaus\plexus\plexus-utils\3.0.1\plexus-utils-3.0.1.jar;C:\Users\ramos\.m2\repository\org\codehaus\plexus\plexus-container-default\1.5.4\plexus-container-default-1.5.4.jar;C:\Users\ramos\.m2\repository\org\codehaus\plexus\plexus-classworlds\2.2.2\plexus-classworlds-2.2.2.jar;C:\Users\ramos\.m2\repository\org\apache\xbean\xbean-reflect\3.4\xbean-reflect-3.4.jar;C:\Users\ramos\.m2\repository\log4j\log4j\1.2.12\log4j-1.2.12.jar;C:\Users\ramos\.m2\repository\commons-logging\commons-logging-api\1.1\commons-logging-api-1.1.jar;C:\Users\ramos\.m2\repository\com\google\collections\google-collections\1.0\google-collections-1.0.jar;C:\Users\ramos\.m2\repository\junit\junit\3.8.2\junit-3.8.2.jar;C:\Users\ramos\.m2\repository\org\apache\maven\maven-core\2.0\maven-core-2.0.jar;C:\Users\ramos\.m2\repository\org\apache\maven\maven-settings\2.0\maven-settings-2.0.jar;C:\Users\ramos\.m2\repository\org\apache\maven\wagon\wagon-file\1.0-alpha-5\wagon-file-1.0-alpha-5.jar;C:\Users\ramos\.m2\repository\org\apache\maven\maven-plugin-parameter-documenter\2.0\maven-plugin-parameter-documenter-2.0.jar;C:\Users\ramos\.m2\repository\org\apache\maven\wagon\wagon-http-lightweight\1.0-alpha-5\wagon-http-lightweight-1.0-alpha-5.jar;C:\Users\ramos\.m2\repository\org\apache\maven\reporting\maven-reporting-api\2.0\maven-reporting-api-2.0.jar;C:\Users\ramos\.m2\repository\doxia\doxia-sink-api\1.0-alpha-4\doxia-sink-api-1.0-alpha-4.jar;C:\Users\ramos\.m2\repository\org\apache\maven\maven-profile\2.0\maven-profile-2.0.jar;C:\Users\ramos\.m2\repository\org\apache\maven\maven-model\2.0\maven-model-2.0.jar;C:\Users\ramos\.m2\repository\org\apache\maven\maven-artifact\2.0\maven-artifact-2.0.jar;C:\Users\ramos\.m2\repository\org\apache\maven\wagon\wagon-provider-api\1.0-alpha-5\wagon-provider-api-1.0-alpha-5.jar;C:\Users\ramos\.m2\repository\org\apache\maven\maven-repository-metadata\2.0\maven-repository-metadata-2.0.jar;C:\Users\ramos\.m2\repository\org\apache\maven\maven-error-diagnostics\2.0\maven-error-diagnostics-2.0.jar;C:\Users\ramos\.m2\repository\org\apache\maven\maven-project\2.0\maven-project-2.0.jar;C:\Users\ramos\.m2\repository\org\apache\maven\maven-plugin-registry\2.0\maven-plugin-registry-2.0.jar;C:\Users\ramos\.m2\repository\commons-cli\commons-cli\1.0\commons-cli-1.0.jar;C:\Users\ramos\.m2\repository\org\apache\maven\maven-plugin-descriptor\2.0\maven-plugin-descriptor-2.0.jar;C:\Users\ramos\.m2\repository\org\codehaus\plexus\plexus-interactivity-api\1.0-alpha-4\plexus-interactivity-api-1.0-alpha-4.jar;C:\Users\ramos\.m2\repository\classworlds\classworlds\1.1-alpha-2\classworlds-1.1-alpha-2.jar;C:\Users\ramos\.m2\repository\org\apache\maven\maven-artifact-manager\2.0\maven-artifact-manager-2.0.jar;C:\Users\ramos\.m2\repository\org\apache\maven\maven-monitor\2.0\maven-monitor-2.0.jar;C:\Users\ramos\.m2\repository\org\apache\maven\wagon\wagon-ssh\1.0-alpha-5\wagon-ssh-1.0-alpha-5.jar;C:\Users\ramos\.m2\repository\com\jcraft\jsch\0.1.23\jsch-0.1.23.jar;C:\Users\ramos\.m2\repository\com\sun\xml\bind\jaxb-xjc\2.2.1.1\jaxb-xjc-2.2.1.1.jar;C:\Users\ramos\.m2\repository\com\sun\xml\bind\jaxb-impl\2.2.1\jaxb-impl-2.2.1.jar;C:\Users\ramos\.m2\repository\javax\xml\bind\jaxb-api\2.2.1\jaxb-api-2.2.1.jar;C:\Users\ramos\.m2\repository\javax\xml\stream\stax-api\1.0-2\stax-api-1.0-2.jar;C:\Users\ramos\.m2\repository\javax\javaee-api\8.0\javaee-api-8.0.jar;C:\Users\ramos\.m2\repository\mysql\mysql-connector-java\8.0.17\mysql-connector-java-8.0.17.jar;C:\Users\ramos\.m2\repository\com\google\protobuf\protobuf-java\3.6.1\protobuf-java-3.6.1.jar;C:\Users\ramos\.m2\repository\org\apache\commons\commons-dbcp2\2.7.0\commons-dbcp2-2.7.0.jar;C:\Users\ramos\.m2\repository\org\apache\commons\commons-pool2\2.7.0\commons-pool2-2.7.0.jar;C:\Users\ramos\.m2\repository\commons-logging\commons-logging\1.2\commons-logging-1.2.jar;C:\Users\ramos\.m2\repository\com\sun\mail\javax.mail\1.6.2\javax.mail-1.6.2.jar;C:\Users\ramos\.m2\repository\javax\activation\activation\1.1\activation-1.1.jar;C:\Users\ramos\.m2\repository\javax\mail\javax.mail-api\1.6.2\javax.mail-api-1.6.2.jar;C:\Users\ramos\.m2\repository\org\apache\commons\commons-email\1.5\commons-email-1.5.jar;"/>
    <property name="sun.cpu.endian" value="little"/>
    <property name="user.home" value="C:\Users\ramos"/>
    <property name="user.language" value="es"/>
    <property name="java.specification.vendor" value="Oracle Corporation"/>
    <property name="java.version.date" value="2021-01-19"/>
    <property name="java.home" value="C:\Program Files\Java\jdk-15.0.2"/>
    <property name="file.separator" value="\"/>
    <property name="basedir" value="D:\Documentos\GitHub\CuidaTuMente"/>
    <property name="java.vm.compressedOopsMode" value="Zero based"/>
    <property name="line.separator" value="&#10;"/>
    <property name="java.vm.specification.vendor" value="Oracle Corporation"/>
    <property name="java.specification.name" value="Java Platform API Specification"/>
    <property name="surefire.real.class.path" value="C:\Users\ramos\AppData\Local\Temp\surefire2156290216512909894\surefirebooter-20240725203817904_3.jar"/>
    <property name="user.script" value=""/>
    <property name="sun.management.compiler" value="HotSpot 64-Bit Tiered Compilers"/>
    <property name="java.runtime.version" value="15.0.2+7-27"/>
    <property name="user.name" value="ramos"/>
    <property name="path.separator" value=";"/>
    <property name="os.version" value="10.0"/>
    <property name="java.runtime.name" value="Java(TM) SE Runtime Environment"/>
    <property name="file.encoding" value="Cp1252"/>
    <property name="java.vm.name" value="Java HotSpot(TM) 64-Bit Server VM"/>
    <property name="maven.ext.class.path" value="D:\Archivos de programa\NetBeans-20\netbeans\java\maven-nblib\netbeans-eventspy.jar"/>
    <property name="localRepository" value="C:\Users\ramos\.m2\repository"/>
    <property name="java.vendor.url.bug" value="https://bugreport.java.com/bugreport/"/>
    <property name="java.io.tmpdir" value="C:\Users\ramos\AppData\Local\Temp\"/>
    <property name="java.version" value="15.0.2"/>
    <property name="user.dir" value="D:\Documentos\GitHub\CuidaTuMente"/>
    <property name="os.arch" value="amd64"/>
    <property name="java.vm.specification.name" value="Java Virtual Machine Specification"/>
    <property name="sun.os.patch.level" value=""/>
    <property name="java.library.path" value="C:\Program Files\Java\jdk-15.0.2\bin;C:\WINDOWS\Sun\Java\bin;C:\WINDOWS\system32;C:\WINDOWS;C:\Program Files\Common Files\Oracle\Java\javapath;C:\Program Files (x86)\Common Files\Oracle\Java\javapath;C:\windows\system32;C:\windows;C:\windows\System32\Wbem;C:\windows\System32\WindowsPowerShell\v1.0\;C:\windows\System32\OpenSSH\;C:\Program Files (x86)\NVIDIA Corporation\PhysX\Common;C:\Program Files\NVIDIA Corporation\NVIDIA NvDLISR;C:\WINDOWS\system32;C:\WINDOWS;C:\WINDOWS\System32\Wbem;C:\WINDOWS\System32\WindowsPowerShell\v1.0\;C:\WINDOWS\System32\OpenSSH\;D:\Archivos de programa\Git\Git\cmd;C:\Program Files\Java\jdk-21\bin;C:\Program Files\php-8.2.20;C:\ProgramData\ComposerSetup\bin;C:\Program Files\Java\jdk-15.0.2\bin;C:\Users\ramos\AppData\Local\Programs\Python\Python312\Scripts\;C:\Users\ramos\AppData\Local\Programs\Python\Python312\;C:\Users\ramos\AppData\Local\Programs\Python\Launcher\;C:\Users\ramos\AppData\Local\Microsoft\WindowsApps;C:\Users\ramos\AppData\Local\Programs\Microsoft VS Code\bin;C:\Users\ramos\AppData\Local\GitHubDesktop\bin;C:\Users\ramos\AppData\Roaming\Composer\vendor\bin;."/>
    <property name="java.vm.info" value="mixed mode, sharing"/>
    <property name="java.vendor" value="Oracle Corporation"/>
    <property name="java.vm.version" value="15.0.2+7-27"/>
    <property name="sun.io.unicode.encoding" value="UnicodeLittle"/>
    <property name="java.class.version" value="59.0"/>
  </properties>
</testsuite>