<?xml version="1.0" encoding="UTF-8"?>
<testsuite xmlns:xsi="http://www.w3.org/2001/XMLSchema-instance" xsi:noNamespaceSchemaLocation="https://maven.apache.org/surefire/maven-surefire-plugin/xsd/surefire-test-report-3.0.xsd" version="3.0" name="test.PreguntaMainTest" time="0.001" tests="0" errors="0" skipped="0" failures="0">
  <properties>
    <property name="sun.desktop" value="windows"/>
    <property name="awt.toolkit" value="sun.awt.windows.WToolkit"/>
    <property name="netbeans.deploy" value="true"/>
    <property name="file.encoding.pkg" value="sun.io"/>
    <property name="java.specification.version" value="1.8"/>
    <property name="sun.cpu.isalist" value="amd64"/>
    <property name="sun.jnu.encoding" value="Cp1252"/>
    <property name="java.class.path" value="C:\Users\david\Documents\GitHub\CuidaTuMente\target\test-classes;C:\Users\david\Documents\GitHub\CuidaTuMente\target\classes;C:\Users\david\.m2\repository\com\github\bookong\cooly-plugin\0.2.1\cooly-plugin-0.2.1.jar;C:\Users\david\.m2\repository\org\apache\maven\maven-plugin-api\2.0\maven-plugin-api-2.0.jar;C:\Users\david\.m2\repository\org\codehaus\plexus\plexus-utils\3.0.1\plexus-utils-3.0.1.jar;C:\Users\david\.m2\repository\org\codehaus\plexus\plexus-container-default\1.5.4\plexus-container-default-1.5.4.jar;C:\Users\david\.m2\repository\org\codehaus\plexus\plexus-classworlds\2.2.2\plexus-classworlds-2.2.2.jar;C:\Users\david\.m2\repository\org\apache\xbean\xbean-reflect\3.4\xbean-reflect-3.4.jar;C:\Users\david\.m2\repository\log4j\log4j\1.2.12\log4j-1.2.12.jar;C:\Users\david\.m2\repository\commons-logging\commons-logging-api\1.1\commons-logging-api-1.1.jar;C:\Users\david\.m2\repository\com\google\collections\google-collections\1.0\google-collections-1.0.jar;C:\Users\david\.m2\repository\junit\junit\3.8.2\junit-3.8.2.jar;C:\Users\david\.m2\repository\org\apache\maven\maven-core\2.0\maven-core-2.0.jar;C:\Users\david\.m2\repository\org\apache\maven\maven-settings\2.0\maven-settings-2.0.jar;C:\Users\david\.m2\repository\org\apache\maven\wagon\wagon-file\1.0-alpha-5\wagon-file-1.0-alpha-5.jar;C:\Users\david\.m2\repository\org\apache\maven\maven-plugin-parameter-documenter\2.0\maven-plugin-parameter-documenter-2.0.jar;C:\Users\david\.m2\repository\org\apache\maven\wagon\wagon-http-lightweight\1.0-alpha-5\wagon-http-lightweight-1.0-alpha-5.jar;C:\Users\david\.m2\repository\org\apache\maven\reporting\maven-reporting-api\2.0\maven-reporting-api-2.0.jar;C:\Users\david\.m2\repository\doxia\doxia-sink-api\1.0-alpha-4\doxia-sink-api-1.0-alpha-4.jar;C:\Users\david\.m2\repository\org\apache\maven\maven-profile\2.0\maven-profile-2.0.jar;C:\Users\david\.m2\repository\org\apache\maven\maven-model\2.0\maven-model-2.0.jar;C:\Users\david\.m2\repository\org\apache\maven\maven-artifact\2.0\maven-artifact-2.0.jar;C:\Users\david\.m2\repository\org\apache\maven\wagon\wagon-provider-api\1.0-alpha-5\wagon-provider-api-1.0-alpha-5.jar;C:\Users\david\.m2\repository\org\apache\maven\maven-repository-metadata\2.0\maven-repository-metadata-2.0.jar;C:\Users\david\.m2\repository\org\apache\maven\maven-error-diagnostics\2.0\maven-error-diagnostics-2.0.jar;C:\Users\david\.m2\repository\org\apache\maven\maven-project\2.0\maven-project-2.0.jar;C:\Users\david\.m2\repository\org\apache\maven\maven-plugin-registry\2.0\maven-plugin-registry-2.0.jar;C:\Users\david\.m2\repository\commons-cli\commons-cli\1.0\commons-cli-1.0.jar;C:\Users\david\.m2\repository\org\apache\maven\maven-plugin-descriptor\2.0\maven-plugin-descriptor-2.0.jar;C:\Users\david\.m2\repository\org\codehaus\plexus\plexus-interactivity-api\1.0-alpha-4\plexus-interactivity-api-1.0-alpha-4.jar;C:\Users\david\.m2\repository\classworlds\classworlds\1.1-alpha-2\classworlds-1.1-alpha-2.jar;C:\Users\david\.m2\repository\org\apache\maven\maven-artifact-manager\2.0\maven-artifact-manager-2.0.jar;C:\Users\david\.m2\repository\org\apache\maven\maven-monitor\2.0\maven-monitor-2.0.jar;C:\Users\david\.m2\repository\org\apache\maven\wagon\wagon-ssh\1.0-alpha-5\wagon-ssh-1.0-alpha-5.jar;C:\Users\david\.m2\repository\com\jcraft\jsch\0.1.23\jsch-0.1.23.jar;C:\Users\david\.m2\repository\com\sun\xml\bind\jaxb-xjc\2.2.1.1\jaxb-xjc-2.2.1.1.jar;C:\Users\david\.m2\repository\com\sun\xml\bind\jaxb-impl\2.2.1\jaxb-impl-2.2.1.jar;C:\Users\david\.m2\repository\javax\xml\bind\jaxb-api\2.2.1\jaxb-api-2.2.1.jar;C:\Users\david\.m2\repository\javax\xml\stream\stax-api\1.0-2\stax-api-1.0-2.jar;C:\Users\david\.m2\repository\javax\javaee-api\8.0\javaee-api-8.0.jar;C:\Users\david\.m2\repository\mysql\mysql-connector-java\8.0.17\mysql-connector-java-8.0.17.jar;C:\Users\david\.m2\repository\com\google\protobuf\protobuf-java\3.6.1\protobuf-java-3.6.1.jar;C:\Users\david\.m2\repository\org\apache\commons\commons-dbcp2\2.7.0\commons-dbcp2-2.7.0.jar;C:\Users\david\.m2\repository\org\apache\commons\commons-pool2\2.7.0\commons-pool2-2.7.0.jar;C:\Users\david\.m2\repository\commons-logging\commons-logging\1.2\commons-logging-1.2.jar;C:\Users\david\.m2\repository\com\sun\mail\javax.mail\1.6.2\javax.mail-1.6.2.jar;C:\Users\david\.m2\repository\javax\activation\activation\1.1\activation-1.1.jar;C:\Users\david\.m2\repository\javax\mail\javax.mail-api\1.6.2\javax.mail-api-1.6.2.jar;C:\Users\david\.m2\repository\org\apache\commons\commons-email\1.5\commons-email-1.5.jar;"/>
    <property name="java.vm.vendor" value="Oracle Corporation"/>
    <property name="sun.arch.data.model" value="64"/>
    <property name="user.variant" value=""/>
    <property name="exec.appArgs" value=""/>
    <property name="java.vendor.url" value="http://java.oracle.com/"/>
    <property name="user.timezone" value="America/Mexico_City"/>
    <property name="java.vm.specification.version" value="1.8"/>
    <property name="os.name" value="Windows 10"/>
    <property name="sun.java.launcher" value="SUN_STANDARD"/>
    <property name="user.country" value="US"/>
    <property name="sun.boot.library.path" value="C:\Program Files\Java\jdk1.8.0_202\jre\bin"/>
    <property name="sun.java.command" value="C:\Users\david\AppData\Local\Temp\surefire2019243288416654198\surefirebooter-20240720030757501_3.jar C:\Users\david\AppData\Local\Temp\surefire2019243288416654198 2024-07-20T03-07-57_264-jvmRun1 surefire-20240720030757501_1tmp surefire_0-20240720030757501_2tmp"/>
    <property name="surefire.test.class.path" value="C:\Users\david\Documents\GitHub\CuidaTuMente\target\test-classes;C:\Users\david\Documents\GitHub\CuidaTuMente\target\classes;C:\Users\david\.m2\repository\com\github\bookong\cooly-plugin\0.2.1\cooly-plugin-0.2.1.jar;C:\Users\david\.m2\repository\org\apache\maven\maven-plugin-api\2.0\maven-plugin-api-2.0.jar;C:\Users\david\.m2\repository\org\codehaus\plexus\plexus-utils\3.0.1\plexus-utils-3.0.1.jar;C:\Users\david\.m2\repository\org\codehaus\plexus\plexus-container-default\1.5.4\plexus-container-default-1.5.4.jar;C:\Users\david\.m2\repository\org\codehaus\plexus\plexus-classworlds\2.2.2\plexus-classworlds-2.2.2.jar;C:\Users\david\.m2\repository\org\apache\xbean\xbean-reflect\3.4\xbean-reflect-3.4.jar;C:\Users\david\.m2\repository\log4j\log4j\1.2.12\log4j-1.2.12.jar;C:\Users\david\.m2\repository\commons-logging\commons-logging-api\1.1\commons-logging-api-1.1.jar;C:\Users\david\.m2\repository\com\google\collections\google-collections\1.0\google-collections-1.0.jar;C:\Users\david\.m2\repository\junit\junit\3.8.2\junit-3.8.2.jar;C:\Users\david\.m2\repository\org\apache\maven\maven-core\2.0\maven-core-2.0.jar;C:\Users\david\.m2\repository\org\apache\maven\maven-settings\2.0\maven-settings-2.0.jar;C:\Users\david\.m2\repository\org\apache\maven\wagon\wagon-file\1.0-alpha-5\wagon-file-1.0-alpha-5.jar;C:\Users\david\.m2\repository\org\apache\maven\maven-plugin-parameter-documenter\2.0\maven-plugin-parameter-documenter-2.0.jar;C:\Users\david\.m2\repository\org\apache\maven\wagon\wagon-http-lightweight\1.0-alpha-5\wagon-http-lightweight-1.0-alpha-5.jar;C:\Users\david\.m2\repository\org\apache\maven\reporting\maven-reporting-api\2.0\maven-reporting-api-2.0.jar;C:\Users\david\.m2\repository\doxia\doxia-sink-api\1.0-alpha-4\doxia-sink-api-1.0-alpha-4.jar;C:\Users\david\.m2\repository\org\apache\maven\maven-profile\2.0\maven-profile-2.0.jar;C:\Users\david\.m2\repository\org\apache\maven\maven-model\2.0\maven-model-2.0.jar;C:\Users\david\.m2\repository\org\apache\maven\maven-artifact\2.0\maven-artifact-2.0.jar;C:\Users\david\.m2\repository\org\apache\maven\wagon\wagon-provider-api\1.0-alpha-5\wagon-provider-api-1.0-alpha-5.jar;C:\Users\david\.m2\repository\org\apache\maven\maven-repository-metadata\2.0\maven-repository-metadata-2.0.jar;C:\Users\david\.m2\repository\org\apache\maven\maven-error-diagnostics\2.0\maven-error-diagnostics-2.0.jar;C:\Users\david\.m2\repository\org\apache\maven\maven-project\2.0\maven-project-2.0.jar;C:\Users\david\.m2\repository\org\apache\maven\maven-plugin-registry\2.0\maven-plugin-registry-2.0.jar;C:\Users\david\.m2\repository\commons-cli\commons-cli\1.0\commons-cli-1.0.jar;C:\Users\david\.m2\repository\org\apache\maven\maven-plugin-descriptor\2.0\maven-plugin-descriptor-2.0.jar;C:\Users\david\.m2\repository\org\codehaus\plexus\plexus-interactivity-api\1.0-alpha-4\plexus-interactivity-api-1.0-alpha-4.jar;C:\Users\david\.m2\repository\classworlds\classworlds\1.1-alpha-2\classworlds-1.1-alpha-2.jar;C:\Users\david\.m2\repository\org\apache\maven\maven-artifact-manager\2.0\maven-artifact-manager-2.0.jar;C:\Users\david\.m2\repository\org\apache\maven\maven-monitor\2.0\maven-monitor-2.0.jar;C:\Users\david\.m2\repository\org\apache\maven\wagon\wagon-ssh\1.0-alpha-5\wagon-ssh-1.0-alpha-5.jar;C:\Users\david\.m2\repository\com\jcraft\jsch\0.1.23\jsch-0.1.23.jar;C:\Users\david\.m2\repository\com\sun\xml\bind\jaxb-xjc\2.2.1.1\jaxb-xjc-2.2.1.1.jar;C:\Users\david\.m2\repository\com\sun\xml\bind\jaxb-impl\2.2.1\jaxb-impl-2.2.1.jar;C:\Users\david\.m2\repository\javax\xml\bind\jaxb-api\2.2.1\jaxb-api-2.2.1.jar;C:\Users\david\.m2\repository\javax\xml\stream\stax-api\1.0-2\stax-api-1.0-2.jar;C:\Users\david\.m2\repository\javax\javaee-api\8.0\javaee-api-8.0.jar;C:\Users\david\.m2\repository\mysql\mysql-connector-java\8.0.17\mysql-connector-java-8.0.17.jar;C:\Users\david\.m2\repository\com\google\protobuf\protobuf-java\3.6.1\protobuf-java-3.6.1.jar;C:\Users\david\.m2\repository\org\apache\commons\commons-dbcp2\2.7.0\commons-dbcp2-2.7.0.jar;C:\Users\david\.m2\repository\org\apache\commons\commons-pool2\2.7.0\commons-pool2-2.7.0.jar;C:\Users\david\.m2\repository\commons-logging\commons-logging\1.2\commons-logging-1.2.jar;C:\Users\david\.m2\repository\com\sun\mail\javax.mail\1.6.2\javax.mail-1.6.2.jar;C:\Users\david\.m2\repository\javax\activation\activation\1.1\activation-1.1.jar;C:\Users\david\.m2\repository\javax\mail\javax.mail-api\1.6.2\javax.mail-api-1.6.2.jar;C:\Users\david\.m2\repository\org\apache\commons\commons-email\1.5\commons-email-1.5.jar;"/>
    <property name="exec.vmArgs" value=""/>
    <property name="sun.cpu.endian" value="little"/>
    <property name="user.home" value="C:\Users\david"/>
    <property name="user.language" value="en"/>
    <property name="java.specification.vendor" value="Oracle Corporation"/>
    <property name="java.home" value="C:\Program Files\Java\jdk1.8.0_202\jre"/>
    <property name="basedir" value="C:\Users\david\Documents\GitHub\CuidaTuMente"/>
    <property name="file.separator" value="\"/>
    <property name="line.separator" value="&#10;"/>
    <property name="java.vm.specification.vendor" value="Oracle Corporation"/>
    <property name="java.specification.name" value="Java Platform API Specification"/>
    <property name="java.awt.graphicsenv" value="sun.awt.Win32GraphicsEnvironment"/>
    <property name="surefire.real.class.path" value="C:\Users\david\AppData\Local\Temp\surefire2019243288416654198\surefirebooter-20240720030757501_3.jar"/>
    <property name="sun.boot.class.path" value="C:\Program Files\Java\jdk1.8.0_202\jre\lib\resources.jar;C:\Program Files\Java\jdk1.8.0_202\jre\lib\rt.jar;C:\Program Files\Java\jdk1.8.0_202\jre\lib\sunrsasign.jar;C:\Program Files\Java\jdk1.8.0_202\jre\lib\jsse.jar;C:\Program Files\Java\jdk1.8.0_202\jre\lib\jce.jar;C:\Program Files\Java\jdk1.8.0_202\jre\lib\charsets.jar;C:\Program Files\Java\jdk1.8.0_202\jre\lib\jfr.jar;C:\Program Files\Java\jdk1.8.0_202\jre\classes"/>
    <property name="user.script" value=""/>
    <property name="sun.management.compiler" value="HotSpot 64-Bit Tiered Compilers"/>
    <property name="java.runtime.version" value="1.8.0_202-b08"/>
    <property name="user.name" value="david"/>
    <property name="path.separator" value=";"/>
    <property name="os.version" value="10.0"/>
    <property name="java.endorsed.dirs" value="C:\Program Files\Java\jdk1.8.0_202\jre\lib\endorsed"/>
    <property name="java.runtime.name" value="Java(TM) SE Runtime Environment"/>
    <property name="file.encoding" value="UTF-8"/>
    <property name="java.vm.name" value="Java HotSpot(TM) 64-Bit Server VM"/>
    <property name="maven.ext.class.path" value="C:\Program Files\NetBeans-21\netbeans\java\maven-nblib\netbeans-eventspy.jar"/>
    <property name="localRepository" value="C:\Users\david\.m2\repository"/>
    <property name="java.vendor.url.bug" value="http://bugreport.sun.com/bugreport/"/>
    <property name="java.io.tmpdir" value="C:\Users\david\AppData\Local\Temp\"/>
    <property name="java.version" value="1.8.0_202"/>
    <property name="user.dir" value="C:\Users\david\Documents\GitHub\CuidaTuMente"/>
    <property name="os.arch" value="amd64"/>
    <property name="java.vm.specification.name" value="Java Virtual Machine Specification"/>
    <property name="java.awt.printerjob" value="sun.awt.windows.WPrinterJob"/>
    <property name="sun.os.patch.level" value=""/>
    <property name="java.library.path" value="C:\Program Files\Java\jdk1.8.0_202\jre\bin;C:\Windows\Sun\Java\bin;C:\Windows\system32;C:\Windows;C:\Program Files\Common Files\Oracle\Java\javapath;C:\Program Files (x86)\Common Files\Oracle\Java\javapath;C:\Windows\system32;C:\Windows;C:\Windows\System32\Wbem;C:\Windows\System32\WindowsPowerShell\v1.0\;C:\Windows\System32\OpenSSH\;C:\Program Files\NVIDIA Corporation\NVIDIA NvDLISR;C:\Program Files\dotnet\;C:\Program Files (x86)\NVIDIA Corporation\PhysX\Common;C:\Program Files\Java\jdk-15.0.2\bin;C:\Program Files\Docker\Docker\resources\bin;C:\Program Files\Common Files\Autodesk Shared\;C:\Program Files\Microsoft SQL Server\150\Tools\Binn\;C:\ProgramData\chocolatey\bin;C:\flutter_windows_3.19.3-stable\flutter\bin;C:\ffmpeg\bin;C:\Program Files\Apache\Maven\apache-maven-3.9.6\bin;C:\Program Files\Git\cmd;C:\Program Files\Graphviz\bin;C:\PHP;C:\Program Files\OpenSSL-Win64\bin;C:\Program Files\Java\jdk1.8.0_202\bin;C:\Program Files\MySQL\MySQL Shell 8.0\bin\;C:\Users\david\AppData\Local\Programs\Python\Python312\Scripts\;C:\Users\david\AppData\Local\Programs\Python\Python312\;C:\Users\david\AppData\Local\Microsoft\WindowsApps;C:\Users\david\AppData\Local\Programs\Microsoft VS Code\bin;C:\Users\david\AppData\Local\GitHubDesktop\bin;C:\tools\dart-sdk\bin;C:\Users\david\AppData\Local\Pub\Cache\bin;C:\ffmpeg\bin;;."/>
    <property name="java.vm.info" value="mixed mode"/>
    <property name="java.vendor" value="Oracle Corporation"/>
    <property name="java.vm.version" value="25.202-b08"/>
    <property name="java.ext.dirs" value="C:\Program Files\Java\jdk1.8.0_202\jre\lib\ext;C:\Windows\Sun\Java\lib\ext"/>
    <property name="sun.io.unicode.encoding" value="UnicodeLittle"/>
    <property name="java.class.version" value="52.0"/>
  </properties>
</testsuite>